Arguments: 
  /usr/local/bin/node /usr/local/bin/yarn start

PATH:
  /Library/Frameworks/Python.framework/Versions/3.6/bin:/usr/local/bin:/usr/bin:/bin:/usr/sbin:/sbin

Yarn version:
  1.5.1

Node version:
  8.9.4

Platform:
  win32 x64

npm manifest:
  {
    "name": "mern",
    "version": "1.0.0",
    "description": "",
    "main": "index.js",
    "scripts": {
      "test": "echo \"Error: no test specified\" && exit 1",
      "start": "node server.js",
      "client": "npm run start --prefix client",
      "dev": "concurrently \"npm run start\" \"npm run client\"",
      "heroku-postbuild": "NPM_CONFIG_PRODUCTION=false npm install --prefix client && npm run build --prefix client"
    },
    "repository": {
      "type": "git",
      "url": "git+https://github.com/byunwx/mern.git"
    },
    "author": "",
    "license": "ISC",
    "bugs": {
      "url": "https://github.com/byunwx/mern/issues"
    },
    "homepage": "https://github.com/byunwx/mern#readme",
    "dependencies": {
      "apollo-boost": "^0.1.4",
      "concurrently": "^3.5.1",
      "express": "^4.16.3",
      "graphql": "^0.13.2",
      "graphql-tag": "^2.8.0",
      "graphql-tools": "^2.24.0",
      "mongoose": "^5.0.14",
      "path": "^0.12.7",
      "redux": "^4.0.0"
    }
  }

yarn manifest:
  No manifest

Lockfile:
  No lockfile

Trace:
  Error: Command failed.
  Exit code: 1
  Command: sh
  Arguments: -c node server.js
  Directory: /Users/woojoobyun/apps/HW/nightout
  Output:

      at ProcessTermError.MessageError (/usr/local/lib/node_modules/yarn/lib/cli.js:186:110)
      at new ProcessTermError (/usr/local/lib/node_modules/yarn/lib/cli.js:226:113)
      at ChildProcess.<anonymous> (/usr/local/lib/node_modules/yarn/lib/cli.js:30281:17)
      at emitTwo (events.js:126:13)
      at ChildProcess.emit (events.js:214:7)
      at maybeClose (internal/child_process.js:925:16)
      at Process.ChildProcess._handle.onexit (internal/child_process.js:209:5)
